# JRE version: Java(TM) SE Runtime Environment 18.9 (11.0.27+8) (build 11.0.27+8-LTS-232)
# Java VM: Java HotSpot(TM) 64-Bit Server VM 18.9 (11.0.27+8-LTS-232, mixed mode, tiered, compressed oops, g1 gc, linux-aarch64)
Heap:
 garbage-first heap   total 61440K, used 36086K [0x00000000c4000000, 0x0000000100000000)
  region size 1024K, 7 young (7168K), 2 survivors (2048K)
 Metaspace       used 33066K, capacity 33593K, committed 33916K, reserved 1079296K
  class space    used 3374K, capacity 3604K, committed 3708K, reserved 1048576K
GC Heap History (10 events):
Event: 1.465 GC heap before
{Heap before GC invocations=4 (full 0):
 garbage-first heap   total 61440K, used 27347K [0x00000000c4000000, 0x0000000100000000)
  region size 1024K, 3 young (3072K), 2 survivors (2048K)
 Metaspace       used 20781K, capacity 21161K, committed 21248K, reserved 1069056K
  class space    used 2120K, capacity 2301K, committed 2304K, reserved 1048576K
}
Event: 1.467 GC heap after
{Heap after GC invocations=5 (full 0):
 garbage-first heap   total 61440K, used 27728K [0x00000000c4000000, 0x0000000100000000)
  region size 1024K, 1 young (1024K), 1 survivors (1024K)
 Metaspace       used 20781K, capacity 21161K, committed 21248K, reserved 1069056K
  class space    used 2120K, capacity 2301K, committed 2304K, reserved 1048576K
}
Event: 2.070 GC heap before
{Heap before GC invocations=6 (full 0):
 garbage-first heap   total 61440K, used 34896K [0x00000000c4000000, 0x0000000100000000)
  region size 1024K, 9 young (9216K), 1 survivors (1024K)
 Metaspace       used 25511K, capacity 25940K, committed 26236K, reserved 1073152K
  class space    used 2688K, capacity 2894K, committed 2940K, reserved 1048576K
}
Event: 2.072 GC heap after
{Heap after GC invocations=7 (full 0):
 garbage-first heap   total 61440K, used 28991K [0x00000000c4000000, 0x0000000100000000)
  region size 1024K, 2 young (2048K), 2 survivors (2048K)
 Metaspace       used 25511K, capacity 25940K, committed 26236K, reserved 1073152K
  class space    used 2688K, capacity 2894K, committed 2940K, reserved 1048576K
}
Event: 3.001 GC heap before
{Heap before GC invocations=8 (full 0):
 garbage-first heap   total 61440K, used 42303K [0x00000000c4000000, 0x0000000100000000)
  region size 1024K, 14 young (14336K), 2 survivors (2048K)
 Metaspace       used 29430K, capacity 29842K, committed 30076K, reserved 1077248K
  class space    used 2970K, capacity 3166K, committed 3196K, reserved 1048576K
}
Event: 3.005 GC heap after
{Heap after GC invocations=9 (full 0):
 garbage-first heap   total 61440K, used 29866K [0x00000000c4000000, 0x0000000100000000)
  region size 1024K, 2 young (2048K), 2 survivors (2048K)
 Metaspace       used 29430K, capacity 29842K, committed 30076K, reserved 1077248K
  class space    used 2970K, capacity 3166K, committed 3196K, reserved 1048576K
}
Event: 3.343 GC heap before
{Heap before GC invocations=9 (full 0):
 garbage-first heap   total 61440K, used 41130K [0x00000000c4000000, 0x0000000100000000)
  region size 1024K, 14 young (14336K), 2 survivors (2048K)
 Metaspace       used 32327K, capacity 32840K, committed 33276K, reserved 1079296K
  class space    used 3303K, capacity 3503K, committed 3580K, reserved 1048576K
}
Event: 3.346 GC heap after
{Heap after GC invocations=10 (full 0):
 garbage-first heap   total 61440K, used 30505K [0x00000000c4000000, 0x0000000100000000)
  region size 1024K, 1 young (1024K), 1 survivors (1024K)
 Metaspace       used 32327K, capacity 32840K, committed 33276K, reserved 1079296K
  class space    used 3303K, capacity 3503K, committed 3580K, reserved 1048576K
}
Event: 9.353 GC heap before
{Heap before GC invocations=11 (full 0):
 garbage-first heap   total 61440K, used 35625K [0x00000000c4000000, 0x0000000100000000)
  region size 1024K, 8 young (8192K), 1 survivors (1024K)
 Metaspace       used 32681K, capacity 33200K, committed 33532K, reserved 1079296K
  class space    used 3334K, capacity 3538K, committed 3580K, reserved 1048576K
}
Event: 9.358 GC heap after
{Heap after GC invocations=12 (full 0):
 garbage-first heap   total 61440K, used 30966K [0x00000000c4000000, 0x0000000100000000)
  region size 1024K, 2 young (2048K), 2 survivors (2048K)
 Metaspace       used 32681K, capacity 33200K, committed 33532K, reserved 1079296K
  class space    used 3334K, capacity 3538K, committed 3580K, reserved 1048576K
}

