# JRE version: Java(TM) SE Runtime Environment 18.9 (11.0.27+8) (build 11.0.27+8-LTS-232)
# Java VM: Java HotSpot(TM) 64-Bit Server VM 18.9 (11.0.27+8-LTS-232, mixed mode, tiered, compressed oops, g1 gc, linux-aarch64)
Heap:
 garbage-first heap   total 80896K, used 40652K [0x00000000c4000000, 0x0000000100000000)
  region size 1024K, 4 young (4096K), 3 survivors (3072K)
 Metaspace       used 33941K, capacity 34415K, committed 34940K, reserved 1081344K
  class space    used 3448K, capacity 3644K, committed 3708K, reserved 1048576K
GC Heap History (10 events):
Event: 15.298 GC heap before
{Heap before GC invocations=9 (full 0):
 garbage-first heap   total 80896K, used 44833K [0x00000000c4000000, 0x0000000100000000)
  region size 1024K, 18 young (18432K), 2 survivors (2048K)
 Metaspace       used 30790K, capacity 31247K, committed 31612K, reserved 1077248K
  class space    used 3127K, capacity 3336K, committed 3452K, reserved 1048576K
}
Event: 15.309 GC heap after
{Heap after GC invocations=10 (full 0):
 garbage-first heap   total 80896K, used 30689K [0x00000000c4000000, 0x0000000100000000)
  region size 1024K, 2 young (2048K), 2 survivors (2048K)
 Metaspace       used 30790K, capacity 31247K, committed 31612K, reserved 1077248K
  class space    used 3127K, capacity 3336K, committed 3452K, reserved 1048576K
}
Event: 22.145 GC heap before
{Heap before GC invocations=10 (full 0):
 garbage-first heap   total 80896K, used 48097K [0x00000000c4000000, 0x0000000100000000)
  region size 1024K, 19 young (19456K), 2 survivors (2048K)
 Metaspace       used 33669K, capacity 34219K, committed 34684K, reserved 1081344K
  class space    used 3441K, capacity 3643K, committed 3708K, reserved 1048576K
}
Event: 22.148 GC heap after
{Heap after GC invocations=11 (full 0):
 garbage-first heap   total 80896K, used 32264K [0x00000000c4000000, 0x0000000100000000)
  region size 1024K, 2 young (2048K), 2 survivors (2048K)
 Metaspace       used 33669K, capacity 34219K, committed 34684K, reserved 1081344K
  class space    used 3441K, capacity 3643K, committed 3708K, reserved 1048576K
}
Event: 45.773 GC heap before
{Heap before GC invocations=11 (full 0):
 garbage-first heap   total 80896K, used 55816K [0x00000000c4000000, 0x0000000100000000)
  region size 1024K, 20 young (20480K), 2 survivors (2048K)
 Metaspace       used 33834K, capacity 34287K, committed 34684K, reserved 1081344K
  class space    used 3442K, capacity 3644K, committed 3708K, reserved 1048576K
}
Event: 45.776 GC heap after
{Heap after GC invocations=12 (full 0):
 garbage-first heap   total 80896K, used 35371K [0x00000000c4000000, 0x0000000100000000)
  region size 1024K, 1 young (1024K), 1 survivors (1024K)
 Metaspace       used 33834K, capacity 34287K, committed 34684K, reserved 1081344K
  class space    used 3442K, capacity 3644K, committed 3708K, reserved 1048576K
}
Event: 66.395 GC heap before
{Heap before GC invocations=12 (full 0):
 garbage-first heap   total 80896K, used 48683K [0x00000000c4000000, 0x0000000100000000)
  region size 1024K, 16 young (16384K), 1 survivors (1024K)
 Metaspace       used 33941K, capacity 34415K, committed 34940K, reserved 1081344K
  class space    used 3448K, capacity 3644K, committed 3708K, reserved 1048576K
}
Event: 66.401 GC heap after
{Heap after GC invocations=13 (full 0):
 garbage-first heap   total 80896K, used 35694K [0x00000000c4000000, 0x0000000100000000)
  region size 1024K, 1 young (1024K), 1 survivors (1024K)
 Metaspace       used 33941K, capacity 34415K, committed 34940K, reserved 1081344K
  class space    used 3448K, capacity 3644K, committed 3708K, reserved 1048576K
}
Event: 97.770 GC heap before
{Heap before GC invocations=14 (full 0):
 garbage-first heap   total 80896K, used 62318K [0x00000000c4000000, 0x0000000100000000)
  region size 1024K, 20 young (20480K), 1 survivors (1024K)
 Metaspace       used 33941K, capacity 34415K, committed 34940K, reserved 1081344K
  class space    used 3448K, capacity 3644K, committed 3708K, reserved 1048576K
}
Event: 97.775 GC heap after
{Heap after GC invocations=15 (full 0):
 garbage-first heap   total 80896K, used 40652K [0x00000000c4000000, 0x0000000100000000)
  region size 1024K, 3 young (3072K), 3 survivors (3072K)
 Metaspace       used 33941K, capacity 34415K, committed 34940K, reserved 1081344K
  class space    used 3448K, capacity 3644K, committed 3708K, reserved 1048576K
}

